#
# A fatal error has been detected by the Java Runtime Environment:
#
#  SIGSEGV (0xb) at pc=0x00007f8a230f9401, pid=53, tid=58
#
# JRE version: OpenJDK Runtime Environment (11.0.8+10) (build 11.0.8+10-post-Ubuntu-0ubuntu118.04.1)
# Java VM: OpenJDK 64-Bit Server VM (11.0.8+10-post-Ubuntu-0ubuntu118.04.1, mixed mode, sharing, tiered, compressed oops, serial gc, linux-amd64)
# Problematic frame:
# C  [libjimage.so+0x2401]
#
# Core dump will be written. Default location: Core dumps may be processed with "/usr/share/apport/apport %p %s %c %d %P %E" (or dumping to /home/runner/a8q6-aydig8139/core.53)
#
# If you would like to submit a bug report, please visit:
#   https://bugs.launchpad.net/ubuntu/+source/openjdk-lts
#

---------------  S U M M A R Y ------------

Command Line: Main

Host: Intel(R) Xeon(R) CPU @ 2.30GHz, 4 cores, 512M, Ubuntu 18.04.5 LTS
Time: Mon Nov  2 14:11:52 2020 UTC elapsed time: 51 seconds (0d 0h 0m 51s)

---------------  T H R E A D  ---------------

Current thread (0x00007f8a1c059000):  JavaThread "Signal Dispatcher" daemon [_thread_in_vm, id=58, stack(0x00007f8a2165b000,0x00007f8a2175c000)]

Stack: [0x00007f8a2165b000,0x00007f8a2175c000],  sp=0x00007f8a217591e0,  free space=1016k
Native frames: (J=compiled Java code, A=aot compiled Java code, j=interpreted, Vv=VM code, C=native code)
C  [libjimage.so+0x2401]
C  [libjimage.so+0x30ea]
C  [libjimage.so+0x35c6]  JIMAGE_FindResource+0xd6
V  [libjvm.so+0x59097e]
V  [libjvm.so+0x5936e0]
V  [libjvm.so+0xd50b85]
V  [libjvm.so+0xd4e51a]
V  [libjvm.so+0xd51112]
V  [libjvm.so+0x645bed]
V  [libjvm.so+0x83f24c]
j  jdk.internal.misc.Signal.dispatch(I)V+25 java.base@11.0.8
v  ~StubRoutines::call_stub
V  [libjvm.so+0x84eb09]
V  [libjvm.so+0x84d8f5]
V  [libjvm.so+0xbc3d2c]
V  [libjvm.so+0xd8996f]
V  [libjvm.so+0xd860bf]
V  [libjvm.so+0xbd632e]

Java frames: (J=compiled Java code, j=interpreted, Vv=VM code)
j  jdk.internal.misc.Signal.dispatch(I)V+25 java.base@11.0.8
v  ~StubRoutines::call_stub

siginfo: si_signo: 11 (SIGSEGV), si_code: 1 (SEGV_MAPERR), si_addr: 0x00007f8a13914458

Register to memory mapping:

RAX=0x000000000000490f is an unknown value
RBX=0x00007f8a21759291 is pointing into the stack for thread: 0x00007f8a1c059000
RCX=0x00007f8a1390201c is an unknown value
RDX=0x000000000000490f is an unknown value
RSP=0x00007f8a217591e0 is pointing into the stack for thread: 0x00007f8a1c059000
RBP=0x00007f8a21759200 is pointing into the stack for thread: 0x00007f8a1c059000
RSI=0x00007f8a21759290 is pointing into the stack for thread: 0x00007f8a1c059000
RDI=0x00007f8a232fc030: <offset 0x0000000000205030> in /usr/lib/jvm/java-11-openjdk-amd64/lib/libjimage.so at 0x00007f8a230f7000
R8 =0x0 is NULL
R9 =0x0000000076100fa4 is an unknown value
R10=0x00007f8a217592b3 is pointing into the stack for thread: 0x00007f8a1c059000
R11=0x00007f8a2513207d: <offset 0x0000000000eb307d> in /usr/lib/jvm/java-11-openjdk-amd64/lib/server/libjvm.so at 0x00007f8a2427f000
R12=0x00007f8a21759290 is pointing into the stack for thread: 0x00007f8a1c059000
R13=0x00000000000083bc is an unknown value
R14=0x00007f8a2175a328 is pointing into the stack for thread: 0x00007f8a1c059000
R15=0x00007f8a1c059b60 points into unknown readable memory: 6a 64 6b 2f 69 6e 74 65

